#
# There is insufficient memory for the Java Runtime Environment to continue.
# Native memory allocation (mmap) failed to map 217055232 bytes for committing reserved memory.
# Possible reasons:
#   The system is out of physical RAM or swap space
#   In 32 bit mode, the process size limit was hit
# Possible solutions:
#   Reduce memory load on the system
#   Increase physical memory or swap space
#   Check if swap backing store is full
#   Use 64 bit Java on a 64 bit OS
#   Decrease Java heap size (-Xmx/-Xms)
#   Decrease number of Java threads
#   Decrease Java thread stack sizes (-Xss)
#   Set larger code cache with -XX:ReservedCodeCacheSize=
# This output file may be truncated or incomplete.
#
#  Out of Memory Error (os_linux.cpp:2627), pid=17975, tid=0x00007f9efbbfb700
#
# JRE version: Java(TM) SE Runtime Environment (8.0_101-b13) (build 1.8.0_101-b13)
# Java VM: Java HotSpot(TM) 64-Bit Server VM (25.101-b13 mixed mode linux-amd64 compressed oops)
# Failed to write core dump. Core dumps have been disabled. To enable core dumping, try "ulimit -c unlimited" before starting Java again
#

---------------  T H R E A D  ---------------

Current thread (0x00007f9f1c078000):  VMThread [stack: 0x00007f9efbafb000,0x00007f9efbbfc000] [id=17994]

Stack: [0x00007f9efbafb000,0x00007f9efbbfc000],  sp=0x00007f9efbbfa1a0,  free space=1020k
Native frames: (J=compiled Java code, j=interpreted, Vv=VM code, C=native code)
V  [libjvm.so+0xac3f0a]  VMError::report_and_die()+0x2ba
V  [libjvm.so+0x4fbf9b]  report_vm_out_of_memory(char const*, int, unsigned long, VMErrorType, char const*)+0x8b
V  [libjvm.so+0x9222d3]  os::Linux::commit_memory_impl(char*, unsigned long, bool)+0x103
V  [libjvm.so+0x922829]  os::pd_commit_memory(char*, unsigned long, unsigned long, bool)+0x29
V  [libjvm.so+0x91cb2a]  os::commit_memory(char*, unsigned long, unsigned long, bool)+0x2a
V  [libjvm.so+0x991053]  PSVirtualSpace::expand_by(unsigned long)+0x53
V  [libjvm.so+0x992458]  PSYoungGen::resize_generation(unsigned long, unsigned long)+0xf8
V  [libjvm.so+0x9915b2]  PSYoungGen::resize(unsigned long, unsigned long)+0x22
V  [libjvm.so+0x98e88b]  PSScavenge::invoke_no_policy()+0xf3b
V  [libjvm.so+0x98f011]  PSScavenge::invoke()+0x41
V  [libjvm.so+0x945fc0]  ParallelScavengeHeap::failed_mem_allocate(unsigned long)+0x70
V  [libjvm.so+0xac5927]  VM_ParallelGCFailedAllocation::doit()+0x97
V  [libjvm.so+0xacd405]  VM_Operation::evaluate()+0x55
V  [libjvm.so+0xacb7da]  VMThread::evaluate_operation(VM_Operation*)+0xba
V  [libjvm.so+0xacbb5e]  VMThread::loop()+0x1ce
V  [libjvm.so+0xacbfd0]  VMThread::run()+0x70
V  [libjvm.so+0x924698]  java_start(Thread*)+0x108

VM_Operation (0x00007f9efabc4b80): ParallelGCFailedAllocation, mode: safepoint, requested by thread 0x00007f9f1c142000


---------------  P R O C E S S  ---------------

Java Threads: ( => current thread )
  0x00007f9f1c142000 JavaThread "pool-1-thread-4" [_thread_blocked, id=18018, stack(0x00007f9efaac6000,0x00007f9efabc7000)]
  0x00007f9f1c140000 JavaThread "pool-1-thread-3" [_thread_blocked, id=18017, stack(0x00007f9efabc7000,0x00007f9efacc8000)]
  0x00007f9f1c13e000 JavaThread "pool-1-thread-2" [_thread_blocked, id=18016, stack(0x00007f9efacc8000,0x00007f9efadc9000)]
  0x00007f9f1c135000 JavaThread "pool-2-thread-1" [_thread_blocked, id=18015, stack(0x00007f9efadc9000,0x00007f9efaeca000)]
  0x00007f9f1c132800 JavaThread "pool-1-thread-1" [_thread_blocked, id=18012, stack(0x00007f9efaeca000,0x00007f9efafcb000)]
  0x00007f9f1c0c1000 JavaThread "Service Thread" daemon [_thread_blocked, id=18007, stack(0x00007f9efb0cc000,0x00007f9efb1cd000)]
  0x00007f9f1c0be000 JavaThread "C1 CompilerThread2" daemon [_thread_blocked, id=18003, stack(0x00007f9efb1cd000,0x00007f9efb2ce000)]
  0x00007f9f1c0bc000 JavaThread "C2 CompilerThread1" daemon [_thread_blocked, id=18002, stack(0x00007f9efb2ce000,0x00007f9efb3cf000)]
  0x00007f9f1c0b9800 JavaThread "C2 CompilerThread0" daemon [_thread_blocked, id=18001, stack(0x00007f9efb3cf000,0x00007f9efb4d0000)]
  0x00007f9f1c0b8000 JavaThread "Signal Dispatcher" daemon [_thread_blocked, id=18000, stack(0x00007f9efb4d0000,0x00007f9efb5d1000)]
  0x00007f9f1c084000 JavaThread "Finalizer" daemon [_thread_blocked, id=17997, stack(0x00007f9efb8f9000,0x00007f9efb9fa000)]
  0x00007f9f1c07f800 JavaThread "Reference Handler" daemon [_thread_blocked, id=17995, stack(0x00007f9efb9fa000,0x00007f9efbafb000)]
  0x00007f9f1c00a000 JavaThread "main" [_thread_blocked, id=17984, stack(0x00007f9f22225000,0x00007f9f22326000)]

Other Threads:
=>0x00007f9f1c078000 VMThread [stack: 0x00007f9efbafb000,0x00007f9efbbfc000] [id=17994]
  0x00007f9f1c0c3800 WatcherThread [stack: 0x00007f9efafcb000,0x00007f9efb0cc000] [id=18010]

VM state:at safepoint (normal execution)

VM Mutex/Monitor currently owned by a thread:  ([mutex/lock_event])
[0x00007f9f1c0063f0] Threads_lock - owner thread: 0x00007f9f1c078000
[0x00007f9f1c0068f0] Heap_lock - owner thread: 0x00007f9f1c142000

Heap:
 PSYoungGen      total 132096K, used 5112K [0x00000000eab00000, 0x00000000f3100000, 0x0000000100000000)
  eden space 126976K, 0% used [0x00000000eab00000,0x00000000eab00000,0x00000000f2700000)
  from space 5120K, 99% used [0x00000000f2700000,0x00000000f2bfe2d8,0x00000000f2c00000)
  to   space 5120K, 0% used [0x00000000f2c00000,0x00000000f2c00000,0x00000000f3100000)
 ParOldGen       total 96768K, used 96174K [0x00000000c0000000, 0x00000000c5e80000, 0x00000000eab00000)
  object space 96768K, 99% used [0x00000000c0000000,0x00000000c5deba08,0x00000000c5e80000)
 Metaspace       used 5785K, capacity 6960K, committed 7040K, reserved 1056768K
  class space    used 573K, capacity 616K, committed 640K, reserved 1048576K

Card table byte_map: [0x00007f9f0bdb8000,0x00007f9f0bfb9000] byte_map_base: 0x00007f9f0b7b8000

Marking Bits: (ParMarkBitMap*) 0x00007f9f216fc120
 Begin Bits: [0x00007f9f0985e000, 0x00007f9f0a85e000)
 End Bits:   [0x00007f9f0a85e000, 0x00007f9f0b85e000)

Polling page: 0x00007f9f2234b000

CodeCache: size=245760Kb used=6105Kb max_used=6105Kb free=239654Kb
 bounds [0x00007f9f0c379000, 0x00007f9f0c979000, 0x00007f9f1b379000]
 total_blobs=1670 nmethods=1409 adapters=175
 compilation: enabled

Compilation events (10 events):
Event: 5.352 Thread 0x00007f9f1c0be000 1624 %     3       com.android.dx.ssa.ConstCollector::updateConstUses @ 20 (248 bytes)
Event: 5.358 Thread 0x00007f9f1c0be000 nmethod 1624% 0x00007f9f0c968010 code [0x00007f9f0c9683c0, 0x00007f9f0c96a998]
Event: 5.393 Thread 0x00007f9f1c0be000 1626       3       com.android.dx.ssa.SsaMethod::forEachBlockDepthFirstDom (128 bytes)
Event: 5.396 Thread 0x00007f9f1c0be000 nmethod 1626 0x00007f9f0c96bf10 code [0x00007f9f0c96c260, 0x00007f9f0c96e398]
Event: 5.396 Thread 0x00007f9f1c0be000 1627       2       com.android.dx.ssa.PhiTypeResolver::resolveResultType (308 bytes)
Event: 5.401 Thread 0x00007f9f1c0be000 nmethod 1627 0x00007f9f0c96f690 code [0x00007f9f0c96f980, 0x00007f9f0c9707d8]
Event: 5.425 Thread 0x00007f9f1c0be000 1628       3       com.android.dx.ssa.LocalVariableExtractor::doit (59 bytes)
Event: 5.426 Thread 0x00007f9f1c0be000 nmethod 1628 0x00007f9f0c971810 code [0x00007f9f0c9719c0, 0x00007f9f0c971ee8]
Event: 5.448 Thread 0x00007f9f1c0be000 1629       3       com.android.dx.ssa.DomFront::buildDomTree (72 bytes)
Event: 5.450 Thread 0x00007f9f1c0be000 nmethod 1629 0x00007f9f0c9720d0 code [0x00007f9f0c972340, 0x00007f9f0c9731a8]

GC Heap History (9 events):
Event: 1.826 GC heap before
{Heap before GC invocations=1 (full 0):
 PSYoungGen      total 36864K, used 31744K [0x00000000eab00000, 0x00000000ed400000, 0x0000000100000000)
  eden space 31744K, 100% used [0x00000000eab00000,0x00000000eca00000,0x00000000eca00000)
  from space 5120K, 0% used [0x00000000ecf00000,0x00000000ecf00000,0x00000000ed400000)
  to   space 5120K, 0% used [0x00000000eca00000,0x00000000eca00000,0x00000000ecf00000)
 ParOldGen       total 84992K, used 0K [0x00000000c0000000, 0x00000000c5300000, 0x00000000eab00000)
  object space 84992K, 0% used [0x00000000c0000000,0x00000000c0000000,0x00000000c5300000)
 Metaspace       used 5544K, capacity 6768K, committed 7040K, reserved 1056768K
  class space    used 568K, capacity 616K, committed 640K, reserved 1048576K
Event: 1.847 GC heap after
Heap after GC invocations=1 (full 0):
 PSYoungGen      total 36864K, used 5105K [0x00000000eab00000, 0x00000000ef300000, 0x0000000100000000)
  eden space 31744K, 0% used [0x00000000eab00000,0x00000000eab00000,0x00000000eca00000)
  from space 5120K, 99% used [0x00000000eca00000,0x00000000ecefc690,0x00000000ecf00000)
  to   space 5120K, 0% used [0x00000000eee00000,0x00000000eee00000,0x00000000ef300000)
 ParOldGen       total 84992K, used 1721K [0x00000000c0000000, 0x00000000c5300000, 0x00000000eab00000)
  object space 84992K, 2% used [0x00000000c0000000,0x00000000c01ae600,0x00000000c5300000)
 Metaspace       used 5544K, capacity 6768K, committed 7040K, reserved 1056768K
  class space    used 568K, capacity 616K, committed 640K, reserved 1048576K
}
Event: 2.666 GC heap before
{Heap before GC invocations=2 (full 0):
 PSYoungGen      total 36864K, used 36849K [0x00000000eab00000, 0x00000000ef300000, 0x0000000100000000)
  eden space 31744K, 100% used [0x00000000eab00000,0x00000000eca00000,0x00000000eca00000)
  from space 5120K, 99% used [0x00000000eca00000,0x00000000ecefc690,0x00000000ecf00000)
  to   space 5120K, 0% used [0x00000000eee00000,0x00000000eee00000,0x00000000ef300000)
 ParOldGen       total 84992K, used 1721K [0x00000000c0000000, 0x00000000c5300000, 0x00000000eab00000)
  object space 84992K, 2% used [0x00000000c0000000,0x00000000c01ae600,0x00000000c5300000)
 Metaspace       used 5640K, capacity 6832K, committed 7040K, reserved 1056768K
  class space    used 571K, capacity 616K, committed 640K, reserved 1048576K
Event: 2.741 GC heap after
Heap after GC invocations=2 (full 0):
 PSYoungGen      total 68608K, used 5091K [0x00000000eab00000, 0x00000000ef300000, 0x0000000100000000)
  eden space 63488K, 0% used [0x00000000eab00000,0x00000000eab00000,0x00000000ee900000)
  from space 5120K, 99% used [0x00000000eee00000,0x00000000ef2f8c40,0x00000000ef300000)
  to   space 5120K, 0% used [0x00000000ee900000,0x00000000ee900000,0x00000000eee00000)
 ParOldGen       total 84992K, used 8289K [0x00000000c0000000, 0x00000000c5300000, 0x00000000eab00000)
  object space 84992K, 9% used [0x00000000c0000000,0x00000000c0818688,0x00000000c5300000)
 Metaspace       used 5640K, capacity 6832K, committed 7040K, reserved 1056768K
  class space    used 571K, capacity 616K, committed 640K, reserved 1048576K
}
Event: 3.779 GC heap before
{Heap before GC invocations=3 (full 0):
 PSYoungGen      total 68608K, used 68579K [0x00000000eab00000, 0x00000000ef300000, 0x0000000100000000)
  eden space 63488K, 100% used [0x00000000eab00000,0x00000000ee900000,0x00000000ee900000)
  from space 5120K, 99% used [0x00000000eee00000,0x00000000ef2f8c40,0x00000000ef300000)
  to   space 5120K, 0% used [0x00000000ee900000,0x00000000ee900000,0x00000000eee00000)
 ParOldGen       total 84992K, used 8289K [0x00000000c0000000, 0x00000000c5300000, 0x00000000eab00000)
  object space 84992K, 9% used [0x00000000c0000000,0x00000000c0818688,0x00000000c5300000)
 Metaspace       used 5759K, capacity 6960K, committed 7040K, reserved 1056768K
  class space    used 573K, capacity 616K, committed 640K, reserved 1048576K
Event: 3.915 GC heap after
Heap after GC invocations=3 (full 0):
 PSYoungGen      total 68608K, used 5089K [0x00000000eab00000, 0x00000000f3100000, 0x0000000100000000)
  eden space 63488K, 0% used [0x00000000eab00000,0x00000000eab00000,0x00000000ee900000)
  from space 5120K, 99% used [0x00000000ee900000,0x00000000eedf8790,0x00000000eee00000)
  to   space 5120K, 0% used [0x00000000f2c00000,0x00000000f2c00000,0x00000000f3100000)
 ParOldGen       total 84992K, used 25781K [0x00000000c0000000, 0x00000000c5300000, 0x00000000eab00000)
  object space 84992K, 30% used [0x00000000c0000000,0x00000000c192d4f0,0x00000000c5300000)
 Metaspace       used 5759K, capacity 6960K, committed 7040K, reserved 1056768K
  class space    used 573K, capacity 616K, committed 640K, reserved 1048576K
}
Event: 4.312 GC heap before
{Heap before GC invocations=4 (full 0):
 PSYoungGen      total 68608K, used 68577K [0x00000000eab00000, 0x00000000f3100000, 0x0000000100000000)
  eden space 63488K, 100% used [0x00000000eab00000,0x00000000ee900000,0x00000000ee900000)
  from space 5120K, 99% used [0x00000000ee900000,0x00000000eedf8790,0x00000000eee00000)
  to   space 5120K, 0% used [0x00000000f2c00000,0x00000000f2c00000,0x00000000f3100000)
 ParOldGen       total 84992K, used 25781K [0x00000000c0000000, 0x00000000c5300000, 0x00000000eab00000)
  object space 84992K, 30% used [0x00000000c0000000,0x00000000c192d4f0,0x00000000c5300000)
 Metaspace       used 5766K, capacity 6960K, committed 7040K, reserved 1056768K
  class space    used 573K, capacity 616K, committed 640K, reserved 1048576K
Event: 4.480 GC heap after
Heap after GC invocations=4 (full 0):
 PSYoungGen      total 132096K, used 5096K [0x00000000eab00000, 0x00000000f3100000, 0x0000000100000000)
  eden space 126976K, 0% used [0x00000000eab00000,0x00000000eab00000,0x00000000f2700000)
  from space 5120K, 99% used [0x00000000f2c00000,0x00000000f30fa148,0x00000000f3100000)
  to   space 5120K, 0% used [0x00000000f2700000,0x00000000f2700000,0x00000000f2c00000)
 ParOldGen       total 84992K, used 47830K [0x00000000c0000000, 0x00000000c5300000, 0x00000000eab00000)
  object space 84992K, 56% used [0x00000000c0000000,0x00000000c2eb5958,0x00000000c5300000)
 Metaspace       used 5766K, capacity 6960K, committed 7040K, reserved 1056768K
  class space    used 573K, capacity 616K, committed 640K, reserved 1048576K
}
Event: 5.480 GC heap before
{Heap before GC invocations=5 (full 0):
 PSYoungGen      total 132096K, used 132072K [0x00000000eab00000, 0x00000000f3100000, 0x0000000100000000)
  eden space 126976K, 100% used [0x00000000eab00000,0x00000000f2700000,0x00000000f2700000)
  from space 5120K, 99% used [0x00000000f2c00000,0x00000000f30fa148,0x00000000f3100000)
  to   space 5120K, 0% used [0x00000000f2700000,0x00000000f2700000,0x00000000f2c00000)
 ParOldGen       total 84992K, used 47830K [0x00000000c0000000, 0x00000000c5300000, 0x00000000eab00000)
  object space 84992K, 56% used [0x00000000c0000000,0x00000000c2eb5958,0x00000000c5300000)
 Metaspace       used 5785K, capacity 6960K, committed 7040K, reserved 1056768K
  class space    used 573K, capacity 616K, committed 640K, reserved 1048576K

Deoptimization events (10 events):
Event: 2.987 Thread 0x00007f9f1c00a000 Uncommon trap: reason=unstable_if action=reinterpret pc=0x00007f9f0c5af178 method=java.util.BitSet.ensureCapacity(I)V @ 6
Event: 3.326 Thread 0x00007f9f1c140000 Uncommon trap: reason=class_check action=maybe_recompile pc=0x00007f9f0c621478 method=com.android.dx.rop.type.Type.equals(Ljava/lang/Object;)Z @ 8
Event: 3.326 Thread 0x00007f9f1c140000 Uncommon trap: reason=unstable_if action=reinterpret pc=0x00007f9f0c6a92a4 method=com.android.dx.rop.code.RegisterSpec.equals(ILcom/android/dx/rop/type/TypeBearer;Lcom/android/dx/rop/code/LocalItem;)Z @ 16
Event: 3.326 Thread 0x00007f9f1c140000 Uncommon trap: reason=class_check action=maybe_recompile pc=0x00007f9f0c621478 method=com.android.dx.rop.type.Type.equals(Ljava/lang/Object;)Z @ 8
Event: 3.330 Thread 0x00007f9f1c140000 Uncommon trap: reason=class_check action=maybe_recompile pc=0x00007f9f0c621478 method=com.android.dx.rop.type.Type.equals(Ljava/lang/Object;)Z @ 8
Event: 3.331 Thread 0x00007f9f1c140000 Uncommon trap: reason=unstable_if action=reinterpret pc=0x00007f9f0c70bb90 method=com.android.dx.rop.code.RegisterSpec.equals(ILcom/android/dx/rop/type/TypeBearer;Lcom/android/dx/rop/code/LocalItem;)Z @ 16
Event: 3.336 Thread 0x00007f9f1c140000 Uncommon trap: reason=class_check action=maybe_recompile pc=0x00007f9f0c621478 method=com.android.dx.rop.type.Type.equals(Ljava/lang/Object;)Z @ 8
Event: 4.618 Thread 0x00007f9f1c13e000 Uncommon trap: reason=null_check action=make_not_entrant pc=0x00007f9f0c83cd30 method=com.android.dx.ssa.SsaRenamer.getLocalForNewReg(I)Lcom/android/dx/rop/code/LocalItem; @ 19
Event: 4.812 Thread 0x00007f9f1c13e000 Uncommon trap: reason=unstable_if action=reinterpret pc=0x00007f9f0c8323f4 method=com.android.dx.cf.code.Ropper.processBlock(Lcom/android/dx/cf/code/ByteBlock;Lcom/android/dx/cf/code/Frame;[I)V @ 975
Event: 4.884 Thread 0x00007f9f1c00a000 Uncommon trap: reason=unstable_if action=reinterpret pc=0x00007f9f0c84a514 method=com.android.dx.cf.code.BaseMachine.getLocalTarget(Z)Lcom/android/dx/rop/code/RegisterSpec; @ 131

Internal exceptions (3 events):
Event: 0.082 Thread 0x00007f9f1c00a000 Exception <a 'java/lang/NoSuchMethodError': Method sun.misc.Unsafe.defineClass(Ljava/lang/String;[BII)Ljava/lang/Class; name or signature does not match> (0x00000000eab07cc0) thrown at [/HUDSON3/workspace/8-2-build-linux-amd64/jdk8u101/7261/hotspot/src/sh
Event: 0.082 Thread 0x00007f9f1c00a000 Exception <a 'java/lang/NoSuchMethodError': Method sun.misc.Unsafe.prefetchRead(Ljava/lang/Object;J)V name or signature does not match> (0x00000000eab07fa8) thrown at [/HUDSON3/workspace/8-2-build-linux-amd64/jdk8u101/7261/hotspot/src/share/vm/prims/jni.c
Event: 4.618 Thread 0x00007f9f1c13e000 Implicit null exception at 0x00007f9f0c83b2d3 to 0x00007f9f0c83cced

Events (10 events):
Event: 5.271 Thread 0x00007f9f1c00a000 DEOPT UNPACKING pc=0x00007f9f0c3c0633 sp=0x00007f9f223231c0 mode 0
Event: 5.304 Thread 0x00007f9f1c00a000 DEOPT PACKING pc=0x00007f9f0c7452e8 sp=0x00007f9f223231e0
Event: 5.304 Thread 0x00007f9f1c00a000 DEOPT UNPACKING pc=0x00007f9f0c3c0633 sp=0x00007f9f22322f38 mode 0
Event: 5.401 Thread 0x00007f9f1c00a000 DEOPT PACKING pc=0x00007f9f0c756ab0 sp=0x00007f9f223233a0
Event: 5.401 Thread 0x00007f9f1c00a000 DEOPT UNPACKING pc=0x00007f9f0c3c0633 sp=0x00007f9f223231b0 mode 0
Event: 5.425 Thread 0x00007f9f1c13e000 DEOPT PACKING pc=0x00007f9f0c7463aa sp=0x00007f9efadc7250
Event: 5.425 Thread 0x00007f9f1c13e000 DEOPT UNPACKING pc=0x00007f9f0c3c0633 sp=0x00007f9efadc6fb8 mode 0
Event: 5.448 Thread 0x00007f9f1c13e000 DEOPT PACKING pc=0x00007f9f0c7476e5 sp=0x00007f9efadc6ee0
Event: 5.448 Thread 0x00007f9f1c13e000 DEOPT UNPACKING pc=0x00007f9f0c3c0633 sp=0x00007f9efadc6cc8 mode 0
Event: 5.472 Executing VM operation: ParallelGCFailedAllocation


Dynamic libraries:
00400000-00401000 r-xp 00000000 08:07 4330938                            /opt/java/jdk1.8.0_101/bin/java
00600000-00601000 rw-p 00000000 08:07 4330938                            /opt/java/jdk1.8.0_101/bin/java
013aa000-013cb000 rw-p 00000000 00:00 0                                  [heap]
c0000000-c5e80000 rw-p 00000000 00:00 0 
c5e80000-eab00000 ---p 00000000 00:00 0 
eab00000-f3100000 rw-p 00000000 00:00 0 
100000000-1000a0000 rw-p 00000000 00:00 0 
1000a0000-140000000 ---p 00000000 00:00 0 
7f9eb8000000-7f9eb8021000 rw-p 00000000 00:00 0 
7f9eb8021000-7f9ebc000000 ---p 00000000 00:00 0 
7f9ec0000000-7f9ec002f000 rw-p 00000000 00:00 0 
7f9ec002f000-7f9ec4000000 ---p 00000000 00:00 0 
7f9ec4000000-7f9ec4029000 rw-p 00000000 00:00 0 
7f9ec4029000-7f9ec8000000 ---p 00000000 00:00 0 
7f9ec8000000-7f9ec8056000 rw-p 00000000 00:00 0 
7f9ec8056000-7f9ecc000000 ---p 00000000 00:00 0 
7f9ecc000000-7f9ecc021000 rw-p 00000000 00:00 0 
7f9ecc021000-7f9ed0000000 ---p 00000000 00:00 0 
7f9ed0000000-7f9ed0021000 rw-p 00000000 00:00 0 
7f9ed0021000-7f9ed4000000 ---p 00000000 00:00 0 
7f9ed4000000-7f9ed4021000 rw-p 00000000 00:00 0 
7f9ed4021000-7f9ed8000000 ---p 00000000 00:00 0 
7f9ed8000000-7f9ed8ac8000 rw-p 00000000 00:00 0 
7f9ed8ac8000-7f9edc000000 ---p 00000000 00:00 0 
7f9edc000000-7f9edc889000 rw-p 00000000 00:00 0 
7f9edc889000-7f9ee0000000 ---p 00000000 00:00 0 
7f9ee0000000-7f9ee0021000 rw-p 00000000 00:00 0 
7f9ee0021000-7f9ee4000000 ---p 00000000 00:00 0 
7f9ee4000000-7f9ee4c0e000 rw-p 00000000 00:00 0 
7f9ee4c0e000-7f9ee8000000 ---p 00000000 00:00 0 
7f9ee8000000-7f9ee8021000 rw-p 00000000 00:00 0 
7f9ee8021000-7f9eec000000 ---p 00000000 00:00 0 
7f9eec000000-7f9eec021000 rw-p 00000000 00:00 0 
7f9eec021000-7f9ef0000000 ---p 00000000 00:00 0 
7f9ef0000000-7f9ef0296000 rw-p 00000000 00:00 0 
7f9ef0296000-7f9ef4000000 ---p 00000000 00:00 0 
7f9ef4000000-7f9ef4021000 rw-p 00000000 00:00 0 
7f9ef4021000-7f9ef8000000 ---p 00000000 00:00 0 
7f9efaac6000-7f9efaac9000 ---p 00000000 00:00 0 
7f9efaac9000-7f9efabc7000 rw-p 00000000 00:00 0 
7f9efabc7000-7f9efabca000 ---p 00000000 00:00 0 
7f9efabca000-7f9efacc8000 rw-p 00000000 00:00 0 
7f9efacc8000-7f9efaccb000 ---p 00000000 00:00 0 
7f9efaccb000-7f9efadc9000 rw-p 00000000 00:00 0 
7f9efadc9000-7f9efadcc000 ---p 00000000 00:00 0 
7f9efadcc000-7f9efaeca000 rw-p 00000000 00:00 0 
7f9efaeca000-7f9efaecd000 ---p 00000000 00:00 0 
7f9efaecd000-7f9efafcb000 rw-p 00000000 00:00 0 
7f9efafcb000-7f9efafcc000 ---p 00000000 00:00 0 
7f9efafcc000-7f9efb0cc000 rw-p 00000000 00:00 0 
7f9efb0cc000-7f9efb0cf000 ---p 00000000 00:00 0 
7f9efb0cf000-7f9efb1cd000 rw-p 00000000 00:00 0 
7f9efb1cd000-7f9efb1d0000 ---p 00000000 00:00 0 
7f9efb1d0000-7f9efb2ce000 rw-p 00000000 00:00 0 
7f9efb2ce000-7f9efb2d1000 ---p 00000000 00:00 0 
7f9efb2d1000-7f9efb3cf000 rw-p 00000000 00:00 0 
7f9efb3cf000-7f9efb3d2000 ---p 00000000 00:00 0 
7f9efb3d2000-7f9efb4d0000 rw-p 00000000 00:00 0 
7f9efb4d0000-7f9efb4d3000 ---p 00000000 00:00 0 
7f9efb4d3000-7f9efb5d1000 rw-p 00000000 00:00 0 
7f9efb5d1000-7f9efb8f9000 r--p 00000000 08:07 1056249                    /usr/lib/locale/locale-archive
7f9efb8f9000-7f9efb8fc000 ---p 00000000 00:00 0 
7f9efb8fc000-7f9efb9fa000 rw-p 00000000 00:00 0 
7f9efb9fa000-7f9efb9fd000 ---p 00000000 00:00 0 
7f9efb9fd000-7f9efbafb000 rw-p 00000000 00:00 0 
7f9efbafb000-7f9efbafc000 ---p 00000000 00:00 0 
7f9efbafc000-7f9efc000000 rw-p 00000000 00:00 0 
7f9efc000000-7f9efc021000 rw-p 00000000 00:00 0 
7f9efc021000-7f9f00000000 ---p 00000000 00:00 0 
7f9f00000000-7f9f00021000 rw-p 00000000 00:00 0 
7f9f00021000-7f9f04000000 ---p 00000000 00:00 0 
7f9f04000000-7f9f04021000 rw-p 00000000 00:00 0 
7f9f04021000-7f9f08000000 ---p 00000000 00:00 0 
7f9f0805f000-7f9f08c0f000 rw-p 00000000 00:00 0 
7f9f08c0f000-7f9f08de8000 r--s 03d29000 08:07 4331014                    /opt/java/jdk1.8.0_101/jre/lib/rt.jar
7f9f08de8000-7f9f0949e000 rw-p 00000000 00:00 0 
7f9f0949e000-7f9f0965e000 ---p 00000000 00:00 0 
7f9f0965e000-7f9f0b85e000 rw-p 00000000 00:00 0 
7f9f0b85e000-7f9f0b85f000 ---p 00000000 00:00 0 
7f9f0b85f000-7f9f0b95f000 rw-p 00000000 00:00 0 
7f9f0b95f000-7f9f0b960000 ---p 00000000 00:00 0 
7f9f0b960000-7f9f0ba60000 rw-p 00000000 00:00 0 
7f9f0ba60000-7f9f0ba61000 ---p 00000000 00:00 0 
7f9f0ba61000-7f9f0bb61000 rw-p 00000000 00:00 0 
7f9f0bb61000-7f9f0bb62000 ---p 00000000 00:00 0 
7f9f0bb62000-7f9f0bc92000 rw-p 00000000 00:00 0 
7f9f0bc92000-7f9f0bdb8000 ---p 00000000 00:00 0 
7f9f0bdb8000-7f9f0bde8000 rw-p 00000000 00:00 0 
7f9f0bde8000-7f9f0bf0d000 ---p 00000000 00:00 0 
7f9f0bf0d000-7f9f0bf51000 rw-p 00000000 00:00 0 
7f9f0bf51000-7f9f0bfb8000 ---p 00000000 00:00 0 
7f9f0bfb8000-7f9f0bfd1000 rw-p 00000000 00:00 0 
7f9f0bfd1000-7f9f0c379000 ---p 00000000 00:00 0 
7f9f0c379000-7f9f0c979000 rwxp 00000000 00:00 0 
7f9f0c979000-7f9f1b379000 ---p 00000000 00:00 0 
7f9f1b379000-7f9f1b393000 r-xp 00000000 08:07 4331044                    /opt/java/jdk1.8.0_101/jre/lib/amd64/libzip.so
7f9f1b393000-7f9f1b593000 ---p 0001a000 08:07 4331044                    /opt/java/jdk1.8.0_101/jre/lib/amd64/libzip.so
7f9f1b593000-7f9f1b594000 rw-p 0001a000 08:07 4331044                    /opt/java/jdk1.8.0_101/jre/lib/amd64/libzip.so
7f9f1b594000-7f9f1b59f000 r-xp 00000000 08:07 4723542                    /lib/x86_64-linux-gnu/libnss_files-2.23.so
7f9f1b59f000-7f9f1b79e000 ---p 0000b000 08:07 4723542                    /lib/x86_64-linux-gnu/libnss_files-2.23.so
7f9f1b79e000-7f9f1b79f000 r--p 0000a000 08:07 4723542                    /lib/x86_64-linux-gnu/libnss_files-2.23.so
7f9f1b79f000-7f9f1b7a0000 rw-p 0000b000 08:07 4723542                    /lib/x86_64-linux-gnu/libnss_files-2.23.so
7f9f1b7a0000-7f9f1b7a6000 rw-p 00000000 00:00 0 
7f9f1b7a6000-7f9f1b7b1000 r-xp 00000000 08:07 4723552                    /lib/x86_64-linux-gnu/libnss_nis-2.23.so
7f9f1b7b1000-7f9f1b9b0000 ---p 0000b000 08:07 4723552                    /lib/x86_64-linux-gnu/libnss_nis-2.23.so
7f9f1b9b0000-7f9f1b9b1000 r--p 0000a000 08:07 4723552                    /lib/x86_64-linux-gnu/libnss_nis-2.23.so
7f9f1b9b1000-7f9f1b9b2000 rw-p 0000b000 08:07 4723552                    /lib/x86_64-linux-gnu/libnss_nis-2.23.so
7f9f1b9b2000-7f9f1b9c8000 r-xp 00000000 08:07 4723536                    /lib/x86_64-linux-gnu/libnsl-2.23.so
7f9f1b9c8000-7f9f1bbc7000 ---p 00016000 08:07 4723536                    /lib/x86_64-linux-gnu/libnsl-2.23.so
7f9f1bbc7000-7f9f1bbc8000 r--p 00015000 08:07 4723536                    /lib/x86_64-linux-gnu/libnsl-2.23.so
7f9f1bbc8000-7f9f1bbc9000 rw-p 00016000 08:07 4723536                    /lib/x86_64-linux-gnu/libnsl-2.23.so
7f9f1bbc9000-7f9f1bbcb000 rw-p 00000000 00:00 0 
7f9f1bbcb000-7f9f1bbd3000 r-xp 00000000 08:07 4723538                    /lib/x86_64-linux-gnu/libnss_compat-2.23.so
7f9f1bbd3000-7f9f1bdd2000 ---p 00008000 08:07 4723538                    /lib/x86_64-linux-gnu/libnss_compat-2.23.so
7f9f1bdd2000-7f9f1bdd3000 r--p 00007000 08:07 4723538                    /lib/x86_64-linux-gnu/libnss_compat-2.23.so
7f9f1bdd3000-7f9f1bdd4000 rw-p 00008000 08:07 4723538                    /lib/x86_64-linux-gnu/libnss_compat-2.23.so
7f9f1bdd4000-7f9f1bdfe000 r-xp 00000000 08:07 4331071                    /opt/java/jdk1.8.0_101/jre/lib/amd64/libjava.so
7f9f1bdfe000-7f9f1bffe000 ---p 0002a000 08:07 4331071                    /opt/java/jdk1.8.0_101/jre/lib/amd64/libjava.so
7f9f1bffe000-7f9f1c000000 rw-p 0002a000 08:07 4331071                    /opt/java/jdk1.8.0_101/jre/lib/amd64/libjava.so
7f9f1c000000-7f9f1c3a3000 rw-p 00000000 00:00 0 
7f9f1c3a3000-7f9f20000000 ---p 00000000 00:00 0 
7f9f2000c000-7f9f2001b000 r--s 000df000 08:07 4855974                    /home/pt/Android/Sdk/build-tools/23.0.3/lib/dx.jar
7f9f2001b000-7f9f20028000 r-xp 00000000 08:07 4331024                    /opt/java/jdk1.8.0_101/jre/lib/amd64/libverify.so
7f9f20028000-7f9f20228000 ---p 0000d000 08:07 4331024                    /opt/java/jdk1.8.0_101/jre/lib/amd64/libverify.so
7f9f20228000-7f9f2022a000 rw-p 0000d000 08:07 4331024                    /opt/java/jdk1.8.0_101/jre/lib/amd64/libverify.so
7f9f2022a000-7f9f20231000 r-xp 00000000 08:07 4723597                    /lib/x86_64-linux-gnu/librt-2.23.so
7f9f20231000-7f9f20430000 ---p 00007000 08:07 4723597                    /lib/x86_64-linux-gnu/librt-2.23.so
7f9f20430000-7f9f20431000 r--p 00006000 08:07 4723597                    /lib/x86_64-linux-gnu/librt-2.23.so
7f9f20431000-7f9f20432000 rw-p 00007000 08:07 4723597                    /lib/x86_64-linux-gnu/librt-2.23.so
7f9f20432000-7f9f2053a000 r-xp 00000000 08:07 4723513                    /lib/x86_64-linux-gnu/libm-2.23.so
7f9f2053a000-7f9f20739000 ---p 00108000 08:07 4723513                    /lib/x86_64-linux-gnu/libm-2.23.so
7f9f20739000-7f9f2073a000 r--p 00107000 08:07 4723513                    /lib/x86_64-linux-gnu/libm-2.23.so
7f9f2073a000-7f9f2073b000 rw-p 00108000 08:07 4723513                    /lib/x86_64-linux-gnu/libm-2.23.so
7f9f2073b000-7f9f21406000 r-xp 00000000 08:07 4331075                    /opt/java/jdk1.8.0_101/jre/lib/amd64/server/libjvm.so
7f9f21406000-7f9f21605000 ---p 00ccb000 08:07 4331075                    /opt/java/jdk1.8.0_101/jre/lib/amd64/server/libjvm.so
7f9f21605000-7f9f216de000 rw-p 00cca000 08:07 4331075                    /opt/java/jdk1.8.0_101/jre/lib/amd64/server/libjvm.so
7f9f216de000-7f9f21729000 rw-p 00000000 00:00 0 
7f9f21729000-7f9f218e9000 r-xp 00000000 08:07 4723443                    /lib/x86_64-linux-gnu/libc-2.23.so
7f9f218e9000-7f9f21ae8000 ---p 001c0000 08:07 4723443                    /lib/x86_64-linux-gnu/libc-2.23.so
7f9f21ae8000-7f9f21aec000 r--p 001bf000 08:07 4723443                    /lib/x86_64-linux-gnu/libc-2.23.so
7f9f21aec000-7f9f21aee000 rw-p 001c3000 08:07 4723443                    /lib/x86_64-linux-gnu/libc-2.23.so
7f9f21aee000-7f9f21af2000 rw-p 00000000 00:00 0 
7f9f21af2000-7f9f21af5000 r-xp 00000000 08:07 4723467                    /lib/x86_64-linux-gnu/libdl-2.23.so
7f9f21af5000-7f9f21cf4000 ---p 00003000 08:07 4723467                    /lib/x86_64-linux-gnu/libdl-2.23.so
7f9f21cf4000-7f9f21cf5000 r--p 00002000 08:07 4723467                    /lib/x86_64-linux-gnu/libdl-2.23.so
7f9f21cf5000-7f9f21cf6000 rw-p 00003000 08:07 4723467                    /lib/x86_64-linux-gnu/libdl-2.23.so
7f9f21cf6000-7f9f21d0b000 r-xp 00000000 08:07 4330157                    /opt/java/jdk1.8.0_101/lib/amd64/jli/libjli.so
7f9f21d0b000-7f9f21f0b000 ---p 00015000 08:07 4330157                    /opt/java/jdk1.8.0_101/lib/amd64/jli/libjli.so
7f9f21f0b000-7f9f21f0c000 rw-p 00015000 08:07 4330157                    /opt/java/jdk1.8.0_101/lib/amd64/jli/libjli.so
7f9f21f0c000-7f9f21f24000 r-xp 00000000 08:07 4723589                    /lib/x86_64-linux-gnu/libpthread-2.23.so
7f9f21f24000-7f9f22123000 ---p 00018000 08:07 4723589                    /lib/x86_64-linux-gnu/libpthread-2.23.so
7f9f22123000-7f9f22124000 r--p 00017000 08:07 4723589                    /lib/x86_64-linux-gnu/libpthread-2.23.so
7f9f22124000-7f9f22125000 rw-p 00018000 08:07 4723589                    /lib/x86_64-linux-gnu/libpthread-2.23.so
7f9f22125000-7f9f22129000 rw-p 00000000 00:00 0 
7f9f22129000-7f9f2214f000 r-xp 00000000 08:07 4723415                    /lib/x86_64-linux-gnu/ld-2.23.so
7f9f22153000-7f9f22225000 rw-p 00000000 00:00 0 
7f9f22225000-7f9f22228000 ---p 00000000 00:00 0 
7f9f22228000-7f9f2232a000 rw-p 00000000 00:00 0 
7f9f2232e000-7f9f22342000 rw-p 00000000 00:00 0 
7f9f22342000-7f9f2234a000 rw-s 00000000 08:07 917613                     /tmp/hsperfdata_pt/17975
7f9f2234a000-7f9f2234b000 rw-p 00000000 00:00 0 
7f9f2234b000-7f9f2234c000 ---p 00000000 00:00 0 
7f9f2234c000-7f9f2234e000 rw-p 00000000 00:00 0 
7f9f2234e000-7f9f2234f000 r--p 00025000 08:07 4723415                    /lib/x86_64-linux-gnu/ld-2.23.so
7f9f2234f000-7f9f22350000 rw-p 00026000 08:07 4723415                    /lib/x86_64-linux-gnu/ld-2.23.so
7f9f22350000-7f9f22351000 rw-p 00000000 00:00 0 
7ffe96761000-7ffe96782000 rw-p 00000000 00:00 0                          [stack]
7ffe967e7000-7ffe967e9000 r--p 00000000 00:00 0                          [vvar]
7ffe967e9000-7ffe967eb000 r-xp 00000000 00:00 0                          [vdso]
ffffffffff600000-ffffffffff601000 r-xp 00000000 00:00 0                  [vsyscall]

VM Arguments:
jvm_args: -Djava.awt.headless=true -Xmx1024M -Dfile.encoding=UTF-8 -Duser.country=US -Duser.language=en -Duser.variant 
java_command: com.android.dx.command.Main --dex --force-jumbo --num-threads=4 --output /home/pt/Desktop/ALP_Project/app/build/intermediates/pre-dexed/debug/main_83cb04eec94eb9cde8a2a0bf799381289a868174.jar /home/pt/Desktop/ALP_Project/app/build/intermediates/transforms/instantRun/debug/folders/1/5/main
java_class_path (initial): /home/pt/Android/Sdk/build-tools/23.0.3/lib/dx.jar
Launcher Type: SUN_STANDARD

Environment Variables:
PATH=/usr/local/sbin:/usr/local/bin:/usr/sbin:/usr/bin:/sbin:/bin:/usr/games:/usr/local/games
USERNAME=pt
LD_LIBRARY_PATH=/usr/local/android-studio/bin:
SHELL=/bin/bash
DISPLAY=:0

Signal Handlers:
SIGSEGV: [libjvm.so+0xac4790], sa_mask[0]=11111111011111111101111111111110, sa_flags=SA_RESTART|SA_SIGINFO
SIGBUS: [libjvm.so+0xac4790], sa_mask[0]=11111111011111111101111111111110, sa_flags=SA_RESTART|SA_SIGINFO
SIGFPE: [libjvm.so+0x91f140], sa_mask[0]=11111111011111111101111111111110, sa_flags=SA_RESTART|SA_SIGINFO
SIGPIPE: [libjvm.so+0x91f140], sa_mask[0]=11111111011111111101111111111110, sa_flags=SA_RESTART|SA_SIGINFO
SIGXFSZ: [libjvm.so+0x91f140], sa_mask[0]=11111111011111111101111111111110, sa_flags=SA_RESTART|SA_SIGINFO
SIGILL: [libjvm.so+0x91f140], sa_mask[0]=11111111011111111101111111111110, sa_flags=SA_RESTART|SA_SIGINFO
SIGUSR1: SIG_DFL, sa_mask[0]=00000000000000000000000000000000, sa_flags=none
SIGUSR2: [libjvm.so+0x920770], sa_mask[0]=00100000000000000000000000000000, sa_flags=SA_RESTART|SA_SIGINFO
SIGHUP: [libjvm.so+0x921b70], sa_mask[0]=11111111011111111101111111111110, sa_flags=SA_RESTART|SA_SIGINFO
SIGINT: [libjvm.so+0x921b70], sa_mask[0]=11111111011111111101111111111110, sa_flags=SA_RESTART|SA_SIGINFO
SIGTERM: [libjvm.so+0x921b70], sa_mask[0]=11111111011111111101111111111110, sa_flags=SA_RESTART|SA_SIGINFO
SIGQUIT: [libjvm.so+0x921b70], sa_mask[0]=11111111011111111101111111111110, sa_flags=SA_RESTART|SA_SIGINFO


---------------  S Y S T E M  ---------------

OS:DISTRIB_ID=LinuxMint
DISTRIB_RELEASE=18
DISTRIB_CODENAME=sarah
DISTRIB_DESCRIPTION="Linux Mint 18 Sarah"

uname:Linux 4.4.0-36-generic #55-Ubuntu SMP Thu Aug 11 18:01:55 UTC 2016 x86_64
libc:glibc 2.23 NPTL 2.23 
rlimit: STACK 8192k, CORE 0k, NPROC 31391, NOFILE 65536, AS infinity
load average:3.08 2.34 2.25

/proc/meminfo:
MemTotal:        8077344 kB
MemFree:          117308 kB
MemAvailable:      85752 kB
Buffers:            5448 kB
Cached:           991904 kB
SwapCached:            0 kB
Active:          6856188 kB
Inactive:         868148 kB
Active(anon):    6782596 kB
Inactive(anon):   799188 kB
Active(file):      73592 kB
Inactive(file):    68960 kB
Unevictable:         168 kB
Mlocked:             168 kB
SwapTotal:             0 kB
SwapFree:              0 kB
Dirty:             21724 kB
Writeback:             0 kB
AnonPages:       6726360 kB
Mapped:           777420 kB
Shmem:            855612 kB
Slab:             107740 kB
SReclaimable:      64288 kB
SUnreclaim:        43452 kB
KernelStack:       13760 kB
PageTables:        57924 kB
NFS_Unstable:          0 kB
Bounce:                0 kB
WritebackTmp:          0 kB
CommitLimit:     4038672 kB
Committed_AS:   14440480 kB
VmallocTotal:   34359738367 kB
VmallocUsed:           0 kB
VmallocChunk:          0 kB
HardwareCorrupted:     0 kB
AnonHugePages:   1957888 kB
CmaTotal:              0 kB
CmaFree:               0 kB
HugePages_Total:       0
HugePages_Free:        0
HugePages_Rsvd:        0
HugePages_Surp:        0
Hugepagesize:       2048 kB
DirectMap4k:      188844 kB
DirectMap2M:     7053312 kB
DirectMap1G:     2097152 kB


CPU:total 4 (2 cores per cpu, 2 threads per core) family 6 model 69 stepping 1, cmov, cx8, fxsr, mmx, sse, sse2, sse3, ssse3, sse4.1, sse4.2, popcnt, avx, avx2, aes, clmul, erms, lzcnt, ht, tsc, tscinvbit, bmi1, bmi2

/proc/cpuinfo:
processor	: 0
vendor_id	: GenuineIntel
cpu family	: 6
model		: 69
model name	: Intel(R) Core(TM) i3-4005U CPU @ 1.70GHz
stepping	: 1
microcode	: 0x1d
cpu MHz		: 1699.933
cache size	: 3072 KB
physical id	: 0
siblings	: 4
core id		: 0
cpu cores	: 2
apicid		: 0
initial apicid	: 0
fpu		: yes
fpu_exception	: yes
cpuid level	: 13
wp		: yes
flags		: fpu vme de pse tsc msr pae mce cx8 apic sep mtrr pge mca cmov pat pse36 clflush dts acpi mmx fxsr sse sse2 ss ht tm pbe syscall nx pdpe1gb rdtscp lm constant_tsc arch_perfmon pebs bts rep_good nopl xtopology nonstop_tsc aperfmperf eagerfpu pni pclmulqdq dtes64 monitor ds_cpl vmx est tm2 ssse3 sdbg fma cx16 xtpr pdcm pcid sse4_1 sse4_2 movbe popcnt tsc_deadline_timer aes xsave avx f16c rdrand lahf_lm abm epb tpr_shadow vnmi flexpriority ept vpid fsgsbase tsc_adjust bmi1 avx2 smep bmi2 erms invpcid xsaveopt dtherm ida arat pln pts
bugs		:
bogomips	: 3392.36
clflush size	: 64
cache_alignment	: 64
address sizes	: 39 bits physical, 48 bits virtual
power management:

processor	: 1
vendor_id	: GenuineIntel
cpu family	: 6
model		: 69
model name	: Intel(R) Core(TM) i3-4005U CPU @ 1.70GHz
stepping	: 1
microcode	: 0x1d
cpu MHz		: 1693.691
cache size	: 3072 KB
physical id	: 0
siblings	: 4
core id		: 1
cpu cores	: 2
apicid		: 2
initial apicid	: 2
fpu		: yes
fpu_exception	: yes
cpuid level	: 13
wp		: yes
flags		: fpu vme de pse tsc msr pae mce cx8 apic sep mtrr pge mca cmov pat pse36 clflush dts acpi mmx fxsr sse sse2 ss ht tm pbe syscall nx pdpe1gb rdtscp lm constant_tsc arch_perfmon pebs bts rep_good nopl xtopology nonstop_tsc aperfmperf eagerfpu pni pclmulqdq dtes64 monitor ds_cpl vmx est tm2 ssse3 sdbg fma cx16 xtpr pdcm pcid sse4_1 sse4_2 movbe popcnt tsc_deadline_timer aes xsave avx f16c rdrand lahf_lm abm epb tpr_shadow vnmi flexpriority ept vpid fsgsbase tsc_adjust bmi1 avx2 smep bmi2 erms invpcid xsaveopt dtherm ida arat pln pts
bugs		:
bogomips	: 3392.36
clflush size	: 64
cache_alignment	: 64
address sizes	: 39 bits physical, 48 bits virtual
power management:

processor	: 2
vendor_id	: GenuineIntel
cpu family	: 6
model		: 69
model name	: Intel(R) Core(TM) i3-4005U CPU @ 1.70GHz
stepping	: 1
microcode	: 0x1d
cpu MHz		: 1700.000
cache size	: 3072 KB
physical id	: 0
siblings	: 4
core id		: 0
cpu cores	: 2
apicid		: 1
initial apicid	: 1
fpu		: yes
fpu_exception	: yes
cpuid level	: 13
wp		: yes
flags		: fpu vme de pse tsc msr pae mce cx8 apic sep mtrr pge mca cmov pat pse36 clflush dts acpi mmx fxsr sse sse2 ss ht tm pbe syscall nx pdpe1gb rdtscp lm constant_tsc arch_perfmon pebs bts rep_good nopl xtopology nonstop_tsc aperfmperf eagerfpu pni pclmulqdq dtes64 monitor ds_cpl vmx est tm2 ssse3 sdbg fma cx16 xtpr pdcm pcid sse4_1 sse4_2 movbe popcnt tsc_deadline_timer aes xsave avx f16c rdrand lahf_lm abm epb tpr_shadow vnmi flexpriority ept vpid fsgsbase tsc_adjust bmi1 avx2 smep bmi2 erms invpcid xsaveopt dtherm ida arat pln pts
bugs		:
bogomips	: 3392.36
clflush size	: 64
cache_alignment	: 64
address sizes	: 39 bits physical, 48 bits virtual
power management:

processor	: 3
vendor_id	: GenuineIntel
cpu family	: 6
model		: 69
model name	: Intel(R) Core(TM) i3-4005U CPU @ 1.70GHz
stepping	: 1
microcode	: 0x1d
cpu MHz		: 1697.542
cache size	: 3072 KB
physical id	: 0
siblings	: 4
core id		: 1
cpu cores	: 2
apicid		: 3
initial apicid	: 3
fpu		: yes
fpu_exception	: yes
cpuid level	: 13
wp		: yes
flags		: fpu vme de pse tsc msr pae mce cx8 apic sep mtrr pge mca cmov pat pse36 clflush dts acpi mmx fxsr sse sse2 ss ht tm pbe syscall nx pdpe1gb rdtscp lm constant_tsc arch_perfmon pebs bts rep_good nopl xtopology nonstop_tsc aperfmperf eagerfpu pni pclmulqdq dtes64 monitor ds_cpl vmx est tm2 ssse3 sdbg fma cx16 xtpr pdcm pcid sse4_1 sse4_2 movbe popcnt tsc_deadline_timer aes xsave avx f16c rdrand lahf_lm abm epb tpr_shadow vnmi flexpriority ept vpid fsgsbase tsc_adjust bmi1 avx2 smep bmi2 erms invpcid xsaveopt dtherm ida arat pln pts
bugs		:
bogomips	: 3392.36
clflush size	: 64
cache_alignment	: 64
address sizes	: 39 bits physical, 48 bits virtual
power management:



Memory: 4k page, physical 8077344k(117604k free), swap 0k(0k free)

vm_info: Java HotSpot(TM) 64-Bit Server VM (25.101-b13) for linux-amd64 JRE (1.8.0_101-b13), built on Jun 22 2016 02:59:44 by "java_re" with gcc 4.3.0 20080428 (Red Hat 4.3.0-8)

time: Tue Sep 20 02:38:27 2016
elapsed time: 5 seconds (0d 0h 0m 5s)

